0 info it worked if it ends with ok
1 verbose cli [ '/usr/bin/nodejs', '/usr/bin/npm', 'start' ]
2 info using npm@3.10.10
3 info using node@v6.10.3
4 verbose run-script [ 'prestart', 'start', 'poststart' ]
5 info lifecycle scott-craft-2d@0.0.1~prestart: scott-craft-2d@0.0.1
6 silly lifecycle scott-craft-2d@0.0.1~prestart: no script for prestart, continuing
7 info lifecycle scott-craft-2d@0.0.1~start: scott-craft-2d@0.0.1
8 verbose lifecycle scott-craft-2d@0.0.1~start: unsafe-perm in lifecycle true
9 verbose lifecycle scott-craft-2d@0.0.1~start: PATH: /usr/lib/node_modules/npm/bin/node-gyp-bin:/mnt/c/Users/Scott/code/ScottCraft2D/node_modules/.bin:/usr/local/sbin:/usr/local/bin:/usr/sbin:/usr/bin:/sbin:/bin:/usr/games:/usr/local/games:/mnt/c/Program Files (x86)/Common Files/Oracle/Java/javapath_target_543680546:/mnt/c/Program Files (x86)/Intel/iCLS Client:/mnt/c/Program Files/Intel/iCLS Client:/mnt/c/Windows/System32:/mnt/c/Windows:/mnt/c/Windows/System32/wbem:/mnt/c/Windows/System32/WindowsPowerShell/v1.0:/mnt/c/Program Files (x86)/Intel/Intel(R) Management Engine Components/DAL:/mnt/c/Program Files/Intel/Intel(R) Management Engine Components/DAL:/mnt/c/Program Files (x86)/Intel/Intel(R) Management Engine Components/IPT:/mnt/c/Program Files/Intel/Intel(R) Management Engine Components/IPT:/mnt/c/Program Files/Intel/WiFi/bin:/mnt/c/Program Files/Common Files/Intel/WirelessCommon:/mnt/c/Program Files (x86)/nodejs:/mnt/c/Program Files/Git/cmd:/mnt/c/Program Files (x86)/Calibre2:/mnt/c/Windows/System32/OpenSSH:/mnt/c/Users/Scott/AppData/Local/Microsoft/WindowsApps:/mnt/c/Program Files (x86)/Microsoft VS Code/bin:/mnt/c/Users/Scott/AppData/Roaming/npm:/mnt/c/Program Files/Heroku/bin
10 verbose lifecycle scott-craft-2d@0.0.1~start: CWD: /mnt/c/Users/Scott/code/ScottCraft2D
11 silly lifecycle scott-craft-2d@0.0.1~start: Args: [ '-c', 'webpack-dev-server --mode=development --open' ]
12 silly lifecycle scott-craft-2d@0.0.1~start: Returned: code: 1  signal: null
13 info lifecycle scott-craft-2d@0.0.1~start: Failed to exec start script
14 verbose stack Error: scott-craft-2d@0.0.1 start: `webpack-dev-server --mode=development --open`
14 verbose stack Exit status 1
14 verbose stack     at EventEmitter.<anonymous> (/usr/lib/node_modules/npm/lib/utils/lifecycle.js:255:16)
14 verbose stack     at emitTwo (events.js:106:13)
14 verbose stack     at EventEmitter.emit (events.js:191:7)
14 verbose stack     at ChildProcess.<anonymous> (/usr/lib/node_modules/npm/lib/utils/spawn.js:40:14)
14 verbose stack     at emitTwo (events.js:106:13)
14 verbose stack     at ChildProcess.emit (events.js:191:7)
14 verbose stack     at maybeClose (internal/child_process.js:886:16)
14 verbose stack     at Process.ChildProcess._handle.onexit (internal/child_process.js:226:5)
15 verbose pkgid scott-craft-2d@0.0.1
16 verbose cwd /mnt/c/Users/Scott/code/ScottCraft2D
17 error Linux 4.4.0-17134-Microsoft
18 error argv "/usr/bin/nodejs" "/usr/bin/npm" "start"
19 error node v6.10.3
20 error npm  v3.10.10
21 error code ELIFECYCLE
22 error scott-craft-2d@0.0.1 start: `webpack-dev-server --mode=development --open`
22 error Exit status 1
23 error Failed at the scott-craft-2d@0.0.1 start script 'webpack-dev-server --mode=development --open'.
23 error Make sure you have the latest version of node.js and npm installed.
23 error If you do, this is most likely a problem with the scott-craft-2d package,
23 error not with npm itself.
23 error Tell the author that this fails on your system:
23 error     webpack-dev-server --mode=development --open
23 error You can get information on how to open an issue for this project with:
23 error     npm bugs scott-craft-2d
23 error Or if that isn't available, you can get their info via:
23 error     npm owner ls scott-craft-2d
23 error There is likely additional logging output above.
24 verbose exit [ 1, true ]
